<?xml version="1.0" encoding="UTF-8"?>
<!-- Generated by org.testng.reporters.JUnitXMLReporter -->
<testsuite ignored="0" hostname="HP" failures="0" tests="8" name="Test" time="32.915" errors="0" timestamp="2025-08-29T17:45:50 IST">
  <testcase classname="testCases.TC01_AccountRegister" name="register" time="4.221"/>
  <testcase classname="testCases.TC02_AccountLogin" name="Login" time="4.71"/>
  <testcase classname="testCases.TC03_AccountLoginMultipleLoginData" name="Login" time="1.778"/>
  <testcase classname="testCases.TC03_AccountLoginMultipleLoginData" name="Login" time="2.502"/>
  <testcase classname="testCases.TC03_AccountLoginMultipleLoginData" name="Login" time="1.212"/>
  <testcase classname="testCases.TC04_HomePageUI" name="HeaderShown" time="0.141"/>
  <testcase classname="testCases.TC04_HomePageUI" name="informationSitemapShown" time="0.047"/>
  <testcase classname="testCases.TC04_HomePageUI" name="isLogoDisplayed" time="0.02"/>
</testsuite> <!-- Test -->
