<?xml version="1.0" encoding="UTF-8"?>
<!-- Generated by org.testng.reporters.JUnitXMLReporter -->
<testsuite ignored="0" hostname="DESKTOP-RV92QIE" failures="0" tests="8" name="Test" time="306.019" errors="0" timestamp="2025-08-29T13:36:26 IST">
  <testcase classname="testCases.TC01_AccountRegister" name="register" time="16.119"/>
  <testcase classname="testCases.TC02_AccountLogin" name="Login" time="12.842"/>
  <testcase classname="testCases.TC03_AccountLoginMultipleLoginData" name="Login" time="22.24"/>
  <testcase classname="testCases.TC03_AccountLoginMultipleLoginData" name="Login" time="30.932"/>
  <testcase classname="testCases.TC03_AccountLoginMultipleLoginData" name="Login" time="5.136"/>
  <testcase classname="testCases.TC04_HomePageUI" name="HeaderShown" time="0.159"/>
  <testcase classname="testCases.TC04_HomePageUI" name="informationSitemapShown" time="0.038"/>
  <testcase classname="testCases.TC04_HomePageUI" name="isLogoDisplayed" time="0.051"/>
</testsuite> <!-- Test -->
