<?xml version="1.0" encoding="UTF-8"?>
<testsuite xmlns:xsi="http://www.w3.org/2001/XMLSchema-instance" xsi:noNamespaceSchemaLocation="https://maven.apache.org/surefire/maven-surefire-plugin/xsd/surefire-test-report.xsd" version="3.0.2" name="TestSuite" time="33.981" tests="8" errors="0" skipped="0" failures="0">
  <properties>
[...]
</properties>
  <testcase name="register" classname="testCases.TC01_AccountRegister" time="4.543">
    <system-err><![CDATA[SLF4J(W): No SLF4J providers were found.
SLF4J(W): Defaulting to no-operation (NOP) logger implementation
SLF4J(W): See https://www.slf4j.org/codes.html#noProviders for further details.
]]></system-err>
  </testcase>
  <testcase name="Login" classname="testCases.TC02_AccountLogin" time="4.993"/>
  <testcase name="Login[user1@gmail.com, pass1, invalid](1)" classname="testCases.TC03_AccountLoginMultipleLoginData" time="1.917"/>
  <testcase name="Login[fabifBL@gma.coo, Aaaaa@11, valid](2)" classname="testCases.TC03_AccountLoginMultipleLoginData" time="2.785"/>
  <testcase name="Login[user3@sdfdf.cc, pass3, invalid](3)" classname="testCases.TC03_AccountLoginMultipleLoginData" time="1.343"/>
  <testcase name="HeaderShown" classname="testCases.TC04_HomePageUI" time="0.56"/>
  <testcase name="informationSitemapShown" classname="testCases.TC04_HomePageUI" time="0.344"/>
  <testcase name="isLogoDisplayed" classname="testCases.TC04_HomePageUI" time="0.336"/>
</testsuite>